2023-02-23 14:37:43,752 INFO  DefaultTestContextBootstrapper [AbstractTestContextBootstrapper.java:256] Loaded default TestExecutionListener class names from location [META-INF/spring.factories]: [org.springframework.test.context.web.ServletTestExecutionListener, org.springframework.test.context.support.DependencyInjectionTestExecutionListener, org.springframework.test.context.support.DirtiesContextTestExecutionListener, org.springframework.test.context.transaction.TransactionalTestExecutionListener, org.springframework.test.context.jdbc.SqlScriptsTestExecutionListener]
2023-02-23 14:37:43,810 INFO  DefaultTestContextBootstrapper [AbstractTestContextBootstrapper.java:204] Could not instantiate TestExecutionListener [org.springframework.test.context.web.ServletTestExecutionListener]. Specify custom listener classes or make the default listener classes (and their required dependencies) available. Offending class: [org/springframework/web/context/request/RequestAttributes]
2023-02-23 14:37:43,907 INFO  DefaultTestContextBootstrapper [AbstractTestContextBootstrapper.java:182] Using TestExecutionListeners: [org.springframework.test.context.support.DependencyInjectionTestExecutionListener@503d687a, org.springframework.test.context.support.DirtiesContextTestExecutionListener@6a370f4, org.springframework.test.context.transaction.TransactionalTestExecutionListener@2abf4075, org.springframework.test.context.jdbc.SqlScriptsTestExecutionListener@770d3326]
2023-02-23 14:37:44,418 INFO  XmlBeanDefinitionReader [XmlBeanDefinitionReader.java:317] Loading XML bean definitions from class path resource [spring/spring-app.xml]
2023-02-23 14:37:48,099 INFO  XmlBeanDefinitionReader [XmlBeanDefinitionReader.java:317] Loading XML bean definitions from class path resource [spring/spring_db.xml]
2023-02-23 14:37:48,329 ERROR TestContextManager [TestContextManager.java:215] Caught exception while allowing TestExecutionListener [org.springframework.test.context.support.DependencyInjectionTestExecutionListener@503d687a] to prepare test instance [edu.tampa.open_pet3.services.UserMealServiceImplTest@1f53a5dc]
java.lang.IllegalStateException: Failed to load ApplicationContext
	at org.springframework.test.context.DefaultCacheAwareContextLoaderDelegate.loadContext(DefaultCacheAwareContextLoaderDelegate.java:94) ~[spring-test-4.1.4.RELEASE.jar:4.1.4.RELEASE]
	at org.springframework.test.context.DefaultTestContext.getApplicationContext(DefaultTestContext.java:72) ~[spring-test-4.1.4.RELEASE.jar:4.1.4.RELEASE]
	at org.springframework.test.context.support.DependencyInjectionTestExecutionListener.injectDependencies(DependencyInjectionTestExecutionListener.java:117) ~[spring-test-4.1.4.RELEASE.jar:4.1.4.RELEASE]
	at org.springframework.test.context.support.DependencyInjectionTestExecutionListener.prepareTestInstance(DependencyInjectionTestExecutionListener.java:83) ~[spring-test-4.1.4.RELEASE.jar:4.1.4.RELEASE]
	at org.springframework.test.context.TestContextManager.prepareTestInstance(TestContextManager.java:212) ~[spring-test-4.1.4.RELEASE.jar:4.1.4.RELEASE]
	at org.springframework.test.context.junit4.SpringJUnit4ClassRunner.createTest(SpringJUnit4ClassRunner.java:200) ~[spring-test-4.1.4.RELEASE.jar:4.1.4.RELEASE]
	at org.springframework.test.context.junit4.SpringJUnit4ClassRunner$1.runReflectiveCall(SpringJUnit4ClassRunner.java:252) ~[spring-test-4.1.4.RELEASE.jar:4.1.4.RELEASE]
	at org.junit.internal.runners.model.ReflectiveCallable.run(ReflectiveCallable.java:12) ~[junit-4.11.jar:na]
	at org.springframework.test.context.junit4.SpringJUnit4ClassRunner.methodBlock(SpringJUnit4ClassRunner.java:254) ~[spring-test-4.1.4.RELEASE.jar:4.1.4.RELEASE]
	at org.springframework.test.context.junit4.SpringJUnit4ClassRunner.runChild(SpringJUnit4ClassRunner.java:217) ~[spring-test-4.1.4.RELEASE.jar:4.1.4.RELEASE]
	at org.springframework.test.context.junit4.SpringJUnit4ClassRunner.runChild(SpringJUnit4ClassRunner.java:83) ~[spring-test-4.1.4.RELEASE.jar:4.1.4.RELEASE]
	at org.junit.runners.ParentRunner$3.run(ParentRunner.java:238) ~[junit-4.11.jar:na]
	at org.junit.runners.ParentRunner$1.schedule(ParentRunner.java:63) ~[junit-4.11.jar:na]
	at org.junit.runners.ParentRunner.runChildren(ParentRunner.java:236) ~[junit-4.11.jar:na]
	at org.junit.runners.ParentRunner.access$000(ParentRunner.java:53) ~[junit-4.11.jar:na]
	at org.junit.runners.ParentRunner$2.evaluate(ParentRunner.java:229) ~[junit-4.11.jar:na]
	at org.springframework.test.context.junit4.statements.RunBeforeTestClassCallbacks.evaluate(RunBeforeTestClassCallbacks.java:61) ~[spring-test-4.1.4.RELEASE.jar:4.1.4.RELEASE]
	at org.springframework.test.context.junit4.statements.RunAfterTestClassCallbacks.evaluate(RunAfterTestClassCallbacks.java:68) ~[spring-test-4.1.4.RELEASE.jar:4.1.4.RELEASE]
	at org.junit.runners.ParentRunner.run(ParentRunner.java:309) ~[junit-4.11.jar:na]
	at org.springframework.test.context.junit4.SpringJUnit4ClassRunner.run(SpringJUnit4ClassRunner.java:163) ~[spring-test-4.1.4.RELEASE.jar:4.1.4.RELEASE]
	at org.junit.runner.JUnitCore.run(JUnitCore.java:160) ~[junit-4.11.jar:na]
	at com.intellij.junit4.JUnit4IdeaTestRunner.startRunnerWithArgs(JUnit4IdeaTestRunner.java:69) ~[junit-rt.jar:na]
	at com.intellij.rt.junit.IdeaTestRunner$Repeater$1.execute(IdeaTestRunner.java:38) ~[junit-rt.jar:na]
	at com.intellij.rt.execution.junit.TestsRepeater.repeat(TestsRepeater.java:11) ~[idea_rt.jar:na]
	at com.intellij.rt.junit.IdeaTestRunner$Repeater.startRunnerWithArgs(IdeaTestRunner.java:35) ~[junit-rt.jar:na]
	at com.intellij.rt.junit.JUnitStarter.prepareStreamsAndStart(JUnitStarter.java:235) ~[junit-rt.jar:na]
	at com.intellij.rt.junit.JUnitStarter.main(JUnitStarter.java:54) ~[junit-rt.jar:na]
Caused by: org.springframework.beans.factory.xml.XmlBeanDefinitionStoreException: Line 12 in XML document from class path resource [spring/spring_db.xml] is invalid; nested exception is org.xml.sax.SAXParseException; lineNumber: 12; columnNumber: 83; cvc-complex-type.2.4.c: The matching wildcard is strict, but no declaration can be found for element 'jdbc:initialize-database'.
	at org.springframework.beans.factory.xml.XmlBeanDefinitionReader.doLoadBeanDefinitions(XmlBeanDefinitionReader.java:399) ~[spring-beans-4.1.4.RELEASE.jar:4.1.4.RELEASE]
	at org.springframework.beans.factory.xml.XmlBeanDefinitionReader.loadBeanDefinitions(XmlBeanDefinitionReader.java:336) ~[spring-beans-4.1.4.RELEASE.jar:4.1.4.RELEASE]
	at org.springframework.beans.factory.xml.XmlBeanDefinitionReader.loadBeanDefinitions(XmlBeanDefinitionReader.java:304) ~[spring-beans-4.1.4.RELEASE.jar:4.1.4.RELEASE]
	at org.springframework.beans.factory.support.AbstractBeanDefinitionReader.loadBeanDefinitions(AbstractBeanDefinitionReader.java:181) ~[spring-beans-4.1.4.RELEASE.jar:4.1.4.RELEASE]
	at org.springframework.beans.factory.support.AbstractBeanDefinitionReader.loadBeanDefinitions(AbstractBeanDefinitionReader.java:217) ~[spring-beans-4.1.4.RELEASE.jar:4.1.4.RELEASE]
	at org.springframework.beans.factory.support.AbstractBeanDefinitionReader.loadBeanDefinitions(AbstractBeanDefinitionReader.java:188) ~[spring-beans-4.1.4.RELEASE.jar:4.1.4.RELEASE]
	at org.springframework.beans.factory.support.AbstractBeanDefinitionReader.loadBeanDefinitions(AbstractBeanDefinitionReader.java:252) ~[spring-beans-4.1.4.RELEASE.jar:4.1.4.RELEASE]
	at org.springframework.test.context.support.AbstractGenericContextLoader.loadBeanDefinitions(AbstractGenericContextLoader.java:253) ~[spring-test-4.1.4.RELEASE.jar:4.1.4.RELEASE]
	at org.springframework.test.context.support.AbstractGenericContextLoader.loadContext(AbstractGenericContextLoader.java:122) ~[spring-test-4.1.4.RELEASE.jar:4.1.4.RELEASE]
	at org.springframework.test.context.support.AbstractGenericContextLoader.loadContext(AbstractGenericContextLoader.java:60) ~[spring-test-4.1.4.RELEASE.jar:4.1.4.RELEASE]
	at org.springframework.test.context.support.AbstractDelegatingSmartContextLoader.delegateLoading(AbstractDelegatingSmartContextLoader.java:109) ~[spring-test-4.1.4.RELEASE.jar:4.1.4.RELEASE]
	at org.springframework.test.context.support.AbstractDelegatingSmartContextLoader.loadContext(AbstractDelegatingSmartContextLoader.java:261) ~[spring-test-4.1.4.RELEASE.jar:4.1.4.RELEASE]
	at org.springframework.test.context.DefaultCacheAwareContextLoaderDelegate.loadContextInternal(DefaultCacheAwareContextLoaderDelegate.java:68) ~[spring-test-4.1.4.RELEASE.jar:4.1.4.RELEASE]
	at org.springframework.test.context.DefaultCacheAwareContextLoaderDelegate.loadContext(DefaultCacheAwareContextLoaderDelegate.java:86) ~[spring-test-4.1.4.RELEASE.jar:4.1.4.RELEASE]
	... 26 common frames omitted
Caused by: org.xml.sax.SAXParseException: cvc-complex-type.2.4.c: The matching wildcard is strict, but no declaration can be found for element 'jdbc:initialize-database'.
	at java.xml/com.sun.org.apache.xerces.internal.util.ErrorHandlerWrapper.createSAXParseException(ErrorHandlerWrapper.java:204) ~[na:na]
	at java.xml/com.sun.org.apache.xerces.internal.util.ErrorHandlerWrapper.error(ErrorHandlerWrapper.java:135) ~[na:na]
	at java.xml/com.sun.org.apache.xerces.internal.impl.XMLErrorReporter.reportError(XMLErrorReporter.java:396) ~[na:na]
	at java.xml/com.sun.org.apache.xerces.internal.impl.XMLErrorReporter.reportError(XMLErrorReporter.java:327) ~[na:na]
	at java.xml/com.sun.org.apache.xerces.internal.impl.XMLErrorReporter.reportError(XMLErrorReporter.java:284) ~[na:na]
	at java.xml/com.sun.org.apache.xerces.internal.impl.xs.XMLSchemaValidator$XSIErrorReporter.reportError(XMLSchemaValidator.java:512) ~[na:na]
	at java.xml/com.sun.org.apache.xerces.internal.impl.xs.XMLSchemaValidator.reportSchemaError(XMLSchemaValidator.java:3588) ~[na:na]
	at java.xml/com.sun.org.apache.xerces.internal.impl.xs.XMLSchemaValidator.handleStartElement(XMLSchemaValidator.java:2144) ~[na:na]
	at java.xml/com.sun.org.apache.xerces.internal.impl.xs.XMLSchemaValidator.startElement(XMLSchemaValidator.java:830) ~[na:na]
	at java.xml/com.sun.org.apache.xerces.internal.impl.XMLNSDocumentScannerImpl.scanStartElement(XMLNSDocumentScannerImpl.java:374) ~[na:na]
	at java.xml/com.sun.org.apache.xerces.internal.impl.XMLDocumentFragmentScannerImpl$FragmentContentDriver.next(XMLDocumentFragmentScannerImpl.java:2726) ~[na:na]
	at java.xml/com.sun.org.apache.xerces.internal.impl.XMLDocumentScannerImpl.next(XMLDocumentScannerImpl.java:605) ~[na:na]
	at java.xml/com.sun.org.apache.xerces.internal.impl.XMLNSDocumentScannerImpl.next(XMLNSDocumentScannerImpl.java:112) ~[na:na]
	at java.xml/com.sun.org.apache.xerces.internal.impl.XMLDocumentFragmentScannerImpl.scanDocument(XMLDocumentFragmentScannerImpl.java:542) ~[na:na]
	at java.xml/com.sun.org.apache.xerces.internal.parsers.XML11Configuration.parse(XML11Configuration.java:889) ~[na:na]
	at java.xml/com.sun.org.apache.xerces.internal.parsers.XML11Configuration.parse(XML11Configuration.java:825) ~[na:na]
	at java.xml/com.sun.org.apache.xerces.internal.parsers.XMLParser.parse(XMLParser.java:141) ~[na:na]
	at java.xml/com.sun.org.apache.xerces.internal.parsers.DOMParser.parse(DOMParser.java:247) ~[na:na]
	at java.xml/com.sun.org.apache.xerces.internal.jaxp.DocumentBuilderImpl.parse(DocumentBuilderImpl.java:342) ~[na:na]
	at org.springframework.beans.factory.xml.DefaultDocumentLoader.loadDocument(DefaultDocumentLoader.java:76) ~[spring-beans-4.1.4.RELEASE.jar:4.1.4.RELEASE]
	at org.springframework.beans.factory.xml.XmlBeanDefinitionReader.doLoadDocument(XmlBeanDefinitionReader.java:429) ~[spring-beans-4.1.4.RELEASE.jar:4.1.4.RELEASE]
	at org.springframework.beans.factory.xml.XmlBeanDefinitionReader.doLoadBeanDefinitions(XmlBeanDefinitionReader.java:391) ~[spring-beans-4.1.4.RELEASE.jar:4.1.4.RELEASE]
	... 39 common frames omitted
2023-02-23 14:53:13,498 INFO  DefaultTestContextBootstrapper [AbstractTestContextBootstrapper.java:256] Loaded default TestExecutionListener class names from location [META-INF/spring.factories]: [org.springframework.test.context.web.ServletTestExecutionListener, org.springframework.test.context.support.DependencyInjectionTestExecutionListener, org.springframework.test.context.support.DirtiesContextTestExecutionListener, org.springframework.test.context.transaction.TransactionalTestExecutionListener, org.springframework.test.context.jdbc.SqlScriptsTestExecutionListener]
2023-02-23 14:53:13,581 INFO  DefaultTestContextBootstrapper [AbstractTestContextBootstrapper.java:204] Could not instantiate TestExecutionListener [org.springframework.test.context.web.ServletTestExecutionListener]. Specify custom listener classes or make the default listener classes (and their required dependencies) available. Offending class: [org/springframework/web/context/request/RequestAttributes]
2023-02-23 14:53:13,653 INFO  DefaultTestContextBootstrapper [AbstractTestContextBootstrapper.java:182] Using TestExecutionListeners: [org.springframework.test.context.support.DependencyInjectionTestExecutionListener@503d687a, org.springframework.test.context.support.DirtiesContextTestExecutionListener@6a370f4, org.springframework.test.context.transaction.TransactionalTestExecutionListener@2abf4075, org.springframework.test.context.jdbc.SqlScriptsTestExecutionListener@770d3326]
2023-02-23 14:53:14,370 INFO  XmlBeanDefinitionReader [XmlBeanDefinitionReader.java:317] Loading XML bean definitions from class path resource [spring/spring-app.xml]
2023-02-23 14:53:18,276 INFO  XmlBeanDefinitionReader [XmlBeanDefinitionReader.java:317] Loading XML bean definitions from class path resource [spring/spring_db.xml]
2023-02-23 14:53:18,700 INFO  GenericApplicationContext [AbstractApplicationContext.java:510] Refreshing org.springframework.context.support.GenericApplicationContext@28f3b248: startup date [Thu Feb 23 14:53:18 UZT 2023]; root of context hierarchy
2023-02-23 14:53:19,072 INFO  PropertyPlaceholderConfigurer [PropertiesLoaderSupport.java:172] Loading properties file from class path resource [db/postgres.properties]
2023-02-23 14:53:19,761 INFO  DriverManagerDataSource [DriverManagerDataSource.java:133] Loaded JDBC driver: org.postgresql.Driver
2023-02-23 14:53:20,070 INFO  MockUserRepository [MockUserRepository.java:17] POST CONSTRUCT
2023-02-23 14:53:20,190 DEBUG DataSourceUtils [DataSourceUtils.java:110] Fetching JDBC Connection from DataSource
2023-02-23 14:53:20,190 DEBUG DriverManagerDataSource [DriverManagerDataSource.java:142] Creating new JDBC DriverManager Connection to [jdbc:postgresql://localhost:5432/openpet3]
2023-02-23 14:53:27,038 INFO  ScriptUtils [ScriptUtils.java:432] Executing SQL script from class path resource [db/scripts.sql]
2023-02-23 14:53:27,454 DEBUG ScriptUtils [ScriptUtils.java:463] 2 returned as updateCount for SQL: DELETE FROM users_roles
2023-02-23 14:53:27,505 DEBUG ScriptUtils [ScriptUtils.java:463] 2 returned as updateCount for SQL: DELETE FROM meals
2023-02-23 14:53:27,525 DEBUG ScriptUtils [ScriptUtils.java:463] 2 returned as updateCount for SQL: DELETE FROM users
2023-02-23 14:53:32,368 DEBUG ScriptUtils [ScriptUtils.java:463] 0 returned as updateCount for SQL: ALTER SEQUENCE GLOBAL_SEQ RESTART WITH 100000
2023-02-23 14:53:32,759 DEBUG ScriptUtils [ScriptUtils.java:463] 0 returned as updateCount for SQL: ALTER SEQUENCE MEAL_SEQ RESTART WITH 10000
2023-02-23 14:53:32,789 DEBUG ScriptUtils [ScriptUtils.java:463] 1 returned as updateCount for SQL: INSERT INTO users(name,password,email)VALUES ('Peter','kamaz009','petyakamaz@gmail.com')
2023-02-23 14:53:32,794 DEBUG ScriptUtils [ScriptUtils.java:463] 1 returned as updateCount for SQL: INSERT INTO users(name,password,email)VALUES ('Akakiy','zamok123','perez123@gmail.com')
2023-02-23 14:53:32,829 DEBUG ScriptUtils [ScriptUtils.java:463] 1 returned as updateCount for SQL: INSERT INTO users_roles(role,user_id)VALUES('ROLE_USER',100000)
2023-02-23 14:53:32,834 DEBUG ScriptUtils [ScriptUtils.java:463] 1 returned as updateCount for SQL: INSERT INTO users_roles(role,user_id)VALUES('ROLE_ADMIN',100001)
2023-02-23 14:53:32,839 DEBUG ScriptUtils [ScriptUtils.java:463] 1 returned as updateCount for SQL: INSERT INTO meals(id,local_date_time,description,calories)VALUES( 100000,null,'blablabla',1000 )
2023-02-23 14:53:33,115 DEBUG ScriptUtils [ScriptUtils.java:463] 1 returned as updateCount for SQL: INSERT INTO meals(id,local_date_time,description,calories)VALUES( 100001,null,'Suponius',2000 )
2023-02-23 14:53:33,179 INFO  ScriptUtils [ScriptUtils.java:491] Executed SQL script from class path resource [db/scripts.sql] in 6077 ms.
2023-02-23 14:53:33,179 DEBUG DataSourceUtils [DataSourceUtils.java:327] Returning JDBC Connection to DataSource
2023-02-23 14:53:33,181 DEBUG JdbcTemplate [JdbcTemplate.java:908] Executing prepared SQL update
2023-02-23 14:53:33,186 DEBUG JdbcTemplate [JdbcTemplate.java:627] Executing prepared SQL statement [UPDATE meals SET local_date_time=?,description=?,calories=?,id=? WHERE meal_id=?]
2023-02-23 14:53:33,186 DEBUG DataSourceUtils [DataSourceUtils.java:110] Fetching JDBC Connection from DataSource
2023-02-23 14:53:33,186 DEBUG DriverManagerDataSource [DriverManagerDataSource.java:142] Creating new JDBC DriverManager Connection to [jdbc:postgresql://localhost:5432/openpet3]
2023-02-23 14:53:34,044 DEBUG JdbcTemplate [JdbcTemplate.java:918] SQL update affected 0 rows
2023-02-23 14:53:34,049 DEBUG DataSourceUtils [DataSourceUtils.java:327] Returning JDBC Connection to DataSource
2023-02-23 14:53:34,146 INFO  GenericApplicationContext [AbstractApplicationContext.java:862] Closing org.springframework.context.support.GenericApplicationContext@28f3b248: startup date [Thu Feb 23 14:53:18 UZT 2023]; root of context hierarchy
2023-02-23 14:53:34,151 INFO  MockUserRepository [MockUserRepository.java:21] PRE DESTROY
2023-02-23 14:54:07,239 INFO  DefaultTestContextBootstrapper [AbstractTestContextBootstrapper.java:256] Loaded default TestExecutionListener class names from location [META-INF/spring.factories]: [org.springframework.test.context.web.ServletTestExecutionListener, org.springframework.test.context.support.DependencyInjectionTestExecutionListener, org.springframework.test.context.support.DirtiesContextTestExecutionListener, org.springframework.test.context.transaction.TransactionalTestExecutionListener, org.springframework.test.context.jdbc.SqlScriptsTestExecutionListener]
2023-02-23 14:54:07,260 INFO  DefaultTestContextBootstrapper [AbstractTestContextBootstrapper.java:204] Could not instantiate TestExecutionListener [org.springframework.test.context.web.ServletTestExecutionListener]. Specify custom listener classes or make the default listener classes (and their required dependencies) available. Offending class: [org/springframework/web/context/request/RequestAttributes]
2023-02-23 14:54:07,280 INFO  DefaultTestContextBootstrapper [AbstractTestContextBootstrapper.java:182] Using TestExecutionListeners: [org.springframework.test.context.support.DependencyInjectionTestExecutionListener@4ef37659, org.springframework.test.context.support.DirtiesContextTestExecutionListener@776b83cc, org.springframework.test.context.transaction.TransactionalTestExecutionListener@37858383, org.springframework.test.context.jdbc.SqlScriptsTestExecutionListener@4e268090]
2023-02-23 14:54:07,656 INFO  XmlBeanDefinitionReader [XmlBeanDefinitionReader.java:317] Loading XML bean definitions from class path resource [spring/spring-app.xml]
2023-02-23 14:54:09,176 INFO  XmlBeanDefinitionReader [XmlBeanDefinitionReader.java:317] Loading XML bean definitions from class path resource [spring/spring_db.xml]
2023-02-23 14:54:09,299 INFO  GenericApplicationContext [AbstractApplicationContext.java:510] Refreshing org.springframework.context.support.GenericApplicationContext@101952da: startup date [Thu Feb 23 14:54:09 UZT 2023]; root of context hierarchy
2023-02-23 14:54:09,514 INFO  PropertyPlaceholderConfigurer [PropertiesLoaderSupport.java:172] Loading properties file from class path resource [db/postgres.properties]
2023-02-23 14:54:09,659 INFO  DriverManagerDataSource [DriverManagerDataSource.java:133] Loaded JDBC driver: org.postgresql.Driver
2023-02-23 14:54:10,113 INFO  MockUserRepository [MockUserRepository.java:17] POST CONSTRUCT
2023-02-23 14:54:10,245 DEBUG DataSourceUtils [DataSourceUtils.java:110] Fetching JDBC Connection from DataSource
2023-02-23 14:54:10,250 DEBUG DriverManagerDataSource [DriverManagerDataSource.java:142] Creating new JDBC DriverManager Connection to [jdbc:postgresql://localhost:5432/openpet3]
2023-02-23 14:54:11,109 INFO  ScriptUtils [ScriptUtils.java:432] Executing SQL script from class path resource [db/subjects.sql]
2023-02-23 14:54:11,414 DEBUG ScriptUtils [ScriptUtils.java:463] 0 returned as updateCount for SQL: DROP TABLE IF EXISTS meals
2023-02-23 14:54:11,548 DEBUG ScriptUtils [ScriptUtils.java:463] 0 returned as updateCount for SQL: DROP TABLE IF EXISTS users_roles
2023-02-23 14:54:11,659 DEBUG ScriptUtils [ScriptUtils.java:463] 0 returned as updateCount for SQL: DROP TABLE IF EXISTS users
2023-02-23 14:54:11,664 DEBUG ScriptUtils [ScriptUtils.java:463] 0 returned as updateCount for SQL: DROP SEQUENCE IF EXISTS GLOBAL_SEQ
2023-02-23 14:54:11,713 DEBUG ScriptUtils [ScriptUtils.java:463] 0 returned as updateCount for SQL: CREATE SEQUENCE GLOBAL_SEQ START 100000
2023-02-23 14:54:11,757 DEBUG DataSourceUtils [DataSourceUtils.java:327] Returning JDBC Connection to DataSource
2023-02-23 14:54:11,772 WARN  GenericApplicationContext [AbstractApplicationContext.java:487] Exception encountered during context initialization - cancelling refresh attempt
org.springframework.beans.factory.BeanCreationException: Error creating bean with name 'org.springframework.jdbc.datasource.init.DataSourceInitializer#0': Invocation of init method failed; nested exception is org.springframework.jdbc.datasource.init.ScriptStatementFailedException: Failed to execute SQL script statement at line 6 of resource class path resource [db/subjects.sql]: CREATE SEQUENCE MEAL_SEQ START 10000; nested exception is org.postgresql.util.PSQLException: ОШИБКА: отношение "meal_seq" уже существует
	at org.springframework.beans.factory.support.AbstractAutowireCapableBeanFactory.initializeBean(AbstractAutowireCapableBeanFactory.java:1566) ~[spring-beans-4.1.4.RELEASE.jar:4.1.4.RELEASE]
	at org.springframework.beans.factory.support.AbstractAutowireCapableBeanFactory.doCreateBean(AbstractAutowireCapableBeanFactory.java:539) ~[spring-beans-4.1.4.RELEASE.jar:4.1.4.RELEASE]
	at org.springframework.beans.factory.support.AbstractAutowireCapableBeanFactory.createBean(AbstractAutowireCapableBeanFactory.java:476) ~[spring-beans-4.1.4.RELEASE.jar:4.1.4.RELEASE]
	at org.springframework.beans.factory.support.AbstractBeanFactory$1.getObject(AbstractBeanFactory.java:303) ~[spring-beans-4.1.4.RELEASE.jar:4.1.4.RELEASE]
	at org.springframework.beans.factory.support.DefaultSingletonBeanRegistry.getSingleton(DefaultSingletonBeanRegistry.java:230) ~[spring-beans-4.1.4.RELEASE.jar:4.1.4.RELEASE]
	at org.springframework.beans.factory.support.AbstractBeanFactory.doGetBean(AbstractBeanFactory.java:299) ~[spring-beans-4.1.4.RELEASE.jar:4.1.4.RELEASE]
	at org.springframework.beans.factory.support.AbstractBeanFactory.getBean(AbstractBeanFactory.java:194) ~[spring-beans-4.1.4.RELEASE.jar:4.1.4.RELEASE]
	at org.springframework.beans.factory.support.DefaultListableBeanFactory.preInstantiateSingletons(DefaultListableBeanFactory.java:762) ~[spring-beans-4.1.4.RELEASE.jar:4.1.4.RELEASE]
	at org.springframework.context.support.AbstractApplicationContext.finishBeanFactoryInitialization(AbstractApplicationContext.java:757) ~[spring-context-4.1.4.RELEASE.jar:4.1.4.RELEASE]
	at org.springframework.context.support.AbstractApplicationContext.refresh(AbstractApplicationContext.java:480) ~[spring-context-4.1.4.RELEASE.jar:4.1.4.RELEASE]
	at org.springframework.test.context.support.AbstractGenericContextLoader.loadContext(AbstractGenericContextLoader.java:125) ~[spring-test-4.1.4.RELEASE.jar:4.1.4.RELEASE]
	at org.springframework.test.context.support.AbstractGenericContextLoader.loadContext(AbstractGenericContextLoader.java:60) ~[spring-test-4.1.4.RELEASE.jar:4.1.4.RELEASE]
	at org.springframework.test.context.support.AbstractDelegatingSmartContextLoader.delegateLoading(AbstractDelegatingSmartContextLoader.java:109) ~[spring-test-4.1.4.RELEASE.jar:4.1.4.RELEASE]
	at org.springframework.test.context.support.AbstractDelegatingSmartContextLoader.loadContext(AbstractDelegatingSmartContextLoader.java:261) ~[spring-test-4.1.4.RELEASE.jar:4.1.4.RELEASE]
	at org.springframework.test.context.DefaultCacheAwareContextLoaderDelegate.loadContextInternal(DefaultCacheAwareContextLoaderDelegate.java:68) ~[spring-test-4.1.4.RELEASE.jar:4.1.4.RELEASE]
	at org.springframework.test.context.DefaultCacheAwareContextLoaderDelegate.loadContext(DefaultCacheAwareContextLoaderDelegate.java:86) ~[spring-test-4.1.4.RELEASE.jar:4.1.4.RELEASE]
	at org.springframework.test.context.DefaultTestContext.getApplicationContext(DefaultTestContext.java:72) ~[spring-test-4.1.4.RELEASE.jar:4.1.4.RELEASE]
	at org.springframework.test.context.support.DependencyInjectionTestExecutionListener.injectDependencies(DependencyInjectionTestExecutionListener.java:117) ~[spring-test-4.1.4.RELEASE.jar:4.1.4.RELEASE]
	at org.springframework.test.context.support.DependencyInjectionTestExecutionListener.prepareTestInstance(DependencyInjectionTestExecutionListener.java:83) ~[spring-test-4.1.4.RELEASE.jar:4.1.4.RELEASE]
	at org.springframework.test.context.TestContextManager.prepareTestInstance(TestContextManager.java:212) ~[spring-test-4.1.4.RELEASE.jar:4.1.4.RELEASE]
	at org.springframework.test.context.junit4.SpringJUnit4ClassRunner.createTest(SpringJUnit4ClassRunner.java:200) ~[spring-test-4.1.4.RELEASE.jar:4.1.4.RELEASE]
	at org.springframework.test.context.junit4.SpringJUnit4ClassRunner$1.runReflectiveCall(SpringJUnit4ClassRunner.java:252) ~[spring-test-4.1.4.RELEASE.jar:4.1.4.RELEASE]
	at org.junit.internal.runners.model.ReflectiveCallable.run(ReflectiveCallable.java:12) ~[junit-4.11.jar:na]
	at org.springframework.test.context.junit4.SpringJUnit4ClassRunner.methodBlock(SpringJUnit4ClassRunner.java:254) ~[spring-test-4.1.4.RELEASE.jar:4.1.4.RELEASE]
	at org.springframework.test.context.junit4.SpringJUnit4ClassRunner.runChild(SpringJUnit4ClassRunner.java:217) ~[spring-test-4.1.4.RELEASE.jar:4.1.4.RELEASE]
	at org.springframework.test.context.junit4.SpringJUnit4ClassRunner.runChild(SpringJUnit4ClassRunner.java:83) ~[spring-test-4.1.4.RELEASE.jar:4.1.4.RELEASE]
	at org.junit.runners.ParentRunner$3.run(ParentRunner.java:238) ~[junit-4.11.jar:na]
	at org.junit.runners.ParentRunner$1.schedule(ParentRunner.java:63) ~[junit-4.11.jar:na]
	at org.junit.runners.ParentRunner.runChildren(ParentRunner.java:236) ~[junit-4.11.jar:na]
	at org.junit.runners.ParentRunner.access$000(ParentRunner.java:53) ~[junit-4.11.jar:na]
	at org.junit.runners.ParentRunner$2.evaluate(ParentRunner.java:229) ~[junit-4.11.jar:na]
	at org.springframework.test.context.junit4.statements.RunBeforeTestClassCallbacks.evaluate(RunBeforeTestClassCallbacks.java:61) ~[spring-test-4.1.4.RELEASE.jar:4.1.4.RELEASE]
	at org.springframework.test.context.junit4.statements.RunAfterTestClassCallbacks.evaluate(RunAfterTestClassCallbacks.java:68) ~[spring-test-4.1.4.RELEASE.jar:4.1.4.RELEASE]
	at org.junit.runners.ParentRunner.run(ParentRunner.java:309) ~[junit-4.11.jar:na]
	at org.springframework.test.context.junit4.SpringJUnit4ClassRunner.run(SpringJUnit4ClassRunner.java:163) ~[spring-test-4.1.4.RELEASE.jar:4.1.4.RELEASE]
	at org.junit.runner.JUnitCore.run(JUnitCore.java:160) ~[junit-4.11.jar:na]
	at com.intellij.junit4.JUnit4IdeaTestRunner.startRunnerWithArgs(JUnit4IdeaTestRunner.java:69) ~[junit-rt.jar:na]
	at com.intellij.rt.junit.IdeaTestRunner$Repeater$1.execute(IdeaTestRunner.java:38) ~[junit-rt.jar:na]
	at com.intellij.rt.execution.junit.TestsRepeater.repeat(TestsRepeater.java:11) ~[idea_rt.jar:na]
	at com.intellij.rt.junit.IdeaTestRunner$Repeater.startRunnerWithArgs(IdeaTestRunner.java:35) ~[junit-rt.jar:na]
	at com.intellij.rt.junit.JUnitStarter.prepareStreamsAndStart(JUnitStarter.java:235) ~[junit-rt.jar:na]
	at com.intellij.rt.junit.JUnitStarter.main(JUnitStarter.java:54) ~[junit-rt.jar:na]
Caused by: org.springframework.jdbc.datasource.init.ScriptStatementFailedException: Failed to execute SQL script statement at line 6 of resource class path resource [db/subjects.sql]: CREATE SEQUENCE MEAL_SEQ START 10000; nested exception is org.postgresql.util.PSQLException: ОШИБКА: отношение "meal_seq" уже существует
	at org.springframework.jdbc.datasource.init.ScriptUtils.executeSqlScript(ScriptUtils.java:475) ~[spring-jdbc-4.1.4.RELEASE.jar:4.1.4.RELEASE]
	at org.springframework.jdbc.datasource.init.ResourceDatabasePopulator.populate(ResourceDatabasePopulator.java:229) ~[spring-jdbc-4.1.4.RELEASE.jar:4.1.4.RELEASE]
	at org.springframework.jdbc.datasource.init.CompositeDatabasePopulator.populate(CompositeDatabasePopulator.java:60) ~[spring-jdbc-4.1.4.RELEASE.jar:4.1.4.RELEASE]
	at org.springframework.jdbc.datasource.init.DatabasePopulatorUtils.execute(DatabasePopulatorUtils.java:48) ~[spring-jdbc-4.1.4.RELEASE.jar:4.1.4.RELEASE]
	at org.springframework.jdbc.datasource.init.DataSourceInitializer.execute(DataSourceInitializer.java:108) ~[spring-jdbc-4.1.4.RELEASE.jar:4.1.4.RELEASE]
	at org.springframework.jdbc.datasource.init.DataSourceInitializer.afterPropertiesSet(DataSourceInitializer.java:93) ~[spring-jdbc-4.1.4.RELEASE.jar:4.1.4.RELEASE]
	at org.springframework.beans.factory.support.AbstractAutowireCapableBeanFactory.invokeInitMethods(AbstractAutowireCapableBeanFactory.java:1625) ~[spring-beans-4.1.4.RELEASE.jar:4.1.4.RELEASE]
	at org.springframework.beans.factory.support.AbstractAutowireCapableBeanFactory.initializeBean(AbstractAutowireCapableBeanFactory.java:1562) ~[spring-beans-4.1.4.RELEASE.jar:4.1.4.RELEASE]
	... 41 common frames omitted
Caused by: org.postgresql.util.PSQLException: ОШИБКА: отношение "meal_seq" уже существует
	at org.postgresql.core.v3.QueryExecutorImpl.receiveErrorResponse(QueryExecutorImpl.java:2676) ~[postgresql-42.5.1.jar:42.5.1]
	at org.postgresql.core.v3.QueryExecutorImpl.processResults(QueryExecutorImpl.java:2366) ~[postgresql-42.5.1.jar:42.5.1]
	at org.postgresql.core.v3.QueryExecutorImpl.execute(QueryExecutorImpl.java:356) ~[postgresql-42.5.1.jar:42.5.1]
	at org.postgresql.jdbc.PgStatement.executeInternal(PgStatement.java:496) ~[postgresql-42.5.1.jar:42.5.1]
	at org.postgresql.jdbc.PgStatement.execute(PgStatement.java:413) ~[postgresql-42.5.1.jar:42.5.1]
	at org.postgresql.jdbc.PgStatement.executeWithFlags(PgStatement.java:333) ~[postgresql-42.5.1.jar:42.5.1]
	at org.postgresql.jdbc.PgStatement.executeCachedSql(PgStatement.java:319) ~[postgresql-42.5.1.jar:42.5.1]
	at org.postgresql.jdbc.PgStatement.executeWithFlags(PgStatement.java:295) ~[postgresql-42.5.1.jar:42.5.1]
	at org.postgresql.jdbc.PgStatement.execute(PgStatement.java:290) ~[postgresql-42.5.1.jar:42.5.1]
	at org.springframework.jdbc.datasource.init.ScriptUtils.executeSqlScript(ScriptUtils.java:460) ~[spring-jdbc-4.1.4.RELEASE.jar:4.1.4.RELEASE]
	... 48 common frames omitted
2023-02-23 14:54:11,787 INFO  MockUserRepository [MockUserRepository.java:21] PRE DESTROY
2023-02-23 14:54:11,797 ERROR TestContextManager [TestContextManager.java:215] Caught exception while allowing TestExecutionListener [org.springframework.test.context.support.DependencyInjectionTestExecutionListener@4ef37659] to prepare test instance [edu.tampa.open_pet3.services.UserMealServiceImplTest@4a9e6faf]
java.lang.IllegalStateException: Failed to load ApplicationContext
	at org.springframework.test.context.DefaultCacheAwareContextLoaderDelegate.loadContext(DefaultCacheAwareContextLoaderDelegate.java:94) ~[spring-test-4.1.4.RELEASE.jar:4.1.4.RELEASE]
	at org.springframework.test.context.DefaultTestContext.getApplicationContext(DefaultTestContext.java:72) ~[spring-test-4.1.4.RELEASE.jar:4.1.4.RELEASE]
	at org.springframework.test.context.support.DependencyInjectionTestExecutionListener.injectDependencies(DependencyInjectionTestExecutionListener.java:117) ~[spring-test-4.1.4.RELEASE.jar:4.1.4.RELEASE]
	at org.springframework.test.context.support.DependencyInjectionTestExecutionListener.prepareTestInstance(DependencyInjectionTestExecutionListener.java:83) ~[spring-test-4.1.4.RELEASE.jar:4.1.4.RELEASE]
	at org.springframework.test.context.TestContextManager.prepareTestInstance(TestContextManager.java:212) ~[spring-test-4.1.4.RELEASE.jar:4.1.4.RELEASE]
	at org.springframework.test.context.junit4.SpringJUnit4ClassRunner.createTest(SpringJUnit4ClassRunner.java:200) ~[spring-test-4.1.4.RELEASE.jar:4.1.4.RELEASE]
	at org.springframework.test.context.junit4.SpringJUnit4ClassRunner$1.runReflectiveCall(SpringJUnit4ClassRunner.java:252) ~[spring-test-4.1.4.RELEASE.jar:4.1.4.RELEASE]
	at org.junit.internal.runners.model.ReflectiveCallable.run(ReflectiveCallable.java:12) ~[junit-4.11.jar:na]
	at org.springframework.test.context.junit4.SpringJUnit4ClassRunner.methodBlock(SpringJUnit4ClassRunner.java:254) ~[spring-test-4.1.4.RELEASE.jar:4.1.4.RELEASE]
	at org.springframework.test.context.junit4.SpringJUnit4ClassRunner.runChild(SpringJUnit4ClassRunner.java:217) ~[spring-test-4.1.4.RELEASE.jar:4.1.4.RELEASE]
	at org.springframework.test.context.junit4.SpringJUnit4ClassRunner.runChild(SpringJUnit4ClassRunner.java:83) ~[spring-test-4.1.4.RELEASE.jar:4.1.4.RELEASE]
	at org.junit.runners.ParentRunner$3.run(ParentRunner.java:238) ~[junit-4.11.jar:na]
	at org.junit.runners.ParentRunner$1.schedule(ParentRunner.java:63) ~[junit-4.11.jar:na]
	at org.junit.runners.ParentRunner.runChildren(ParentRunner.java:236) ~[junit-4.11.jar:na]
	at org.junit.runners.ParentRunner.access$000(ParentRunner.java:53) ~[junit-4.11.jar:na]
	at org.junit.runners.ParentRunner$2.evaluate(ParentRunner.java:229) ~[junit-4.11.jar:na]
	at org.springframework.test.context.junit4.statements.RunBeforeTestClassCallbacks.evaluate(RunBeforeTestClassCallbacks.java:61) ~[spring-test-4.1.4.RELEASE.jar:4.1.4.RELEASE]
	at org.springframework.test.context.junit4.statements.RunAfterTestClassCallbacks.evaluate(RunAfterTestClassCallbacks.java:68) ~[spring-test-4.1.4.RELEASE.jar:4.1.4.RELEASE]
	at org.junit.runners.ParentRunner.run(ParentRunner.java:309) ~[junit-4.11.jar:na]
	at org.springframework.test.context.junit4.SpringJUnit4ClassRunner.run(SpringJUnit4ClassRunner.java:163) ~[spring-test-4.1.4.RELEASE.jar:4.1.4.RELEASE]
	at org.junit.runner.JUnitCore.run(JUnitCore.java:160) ~[junit-4.11.jar:na]
	at com.intellij.junit4.JUnit4IdeaTestRunner.startRunnerWithArgs(JUnit4IdeaTestRunner.java:69) ~[junit-rt.jar:na]
	at com.intellij.rt.junit.IdeaTestRunner$Repeater$1.execute(IdeaTestRunner.java:38) ~[junit-rt.jar:na]
	at com.intellij.rt.execution.junit.TestsRepeater.repeat(TestsRepeater.java:11) ~[idea_rt.jar:na]
	at com.intellij.rt.junit.IdeaTestRunner$Repeater.startRunnerWithArgs(IdeaTestRunner.java:35) ~[junit-rt.jar:na]
	at com.intellij.rt.junit.JUnitStarter.prepareStreamsAndStart(JUnitStarter.java:235) ~[junit-rt.jar:na]
	at com.intellij.rt.junit.JUnitStarter.main(JUnitStarter.java:54) ~[junit-rt.jar:na]
Caused by: org.springframework.beans.factory.BeanCreationException: Error creating bean with name 'org.springframework.jdbc.datasource.init.DataSourceInitializer#0': Invocation of init method failed; nested exception is org.springframework.jdbc.datasource.init.ScriptStatementFailedException: Failed to execute SQL script statement at line 6 of resource class path resource [db/subjects.sql]: CREATE SEQUENCE MEAL_SEQ START 10000; nested exception is org.postgresql.util.PSQLException: ОШИБКА: отношение "meal_seq" уже существует
	at org.springframework.beans.factory.support.AbstractAutowireCapableBeanFactory.initializeBean(AbstractAutowireCapableBeanFactory.java:1566) ~[spring-beans-4.1.4.RELEASE.jar:4.1.4.RELEASE]
	at org.springframework.beans.factory.support.AbstractAutowireCapableBeanFactory.doCreateBean(AbstractAutowireCapableBeanFactory.java:539) ~[spring-beans-4.1.4.RELEASE.jar:4.1.4.RELEASE]
	at org.springframework.beans.factory.support.AbstractAutowireCapableBeanFactory.createBean(AbstractAutowireCapableBeanFactory.java:476) ~[spring-beans-4.1.4.RELEASE.jar:4.1.4.RELEASE]
	at org.springframework.beans.factory.support.AbstractBeanFactory$1.getObject(AbstractBeanFactory.java:303) ~[spring-beans-4.1.4.RELEASE.jar:4.1.4.RELEASE]
	at org.springframework.beans.factory.support.DefaultSingletonBeanRegistry.getSingleton(DefaultSingletonBeanRegistry.java:230) ~[spring-beans-4.1.4.RELEASE.jar:4.1.4.RELEASE]
	at org.springframework.beans.factory.support.AbstractBeanFactory.doGetBean(AbstractBeanFactory.java:299) ~[spring-beans-4.1.4.RELEASE.jar:4.1.4.RELEASE]
	at org.springframework.beans.factory.support.AbstractBeanFactory.getBean(AbstractBeanFactory.java:194) ~[spring-beans-4.1.4.RELEASE.jar:4.1.4.RELEASE]
	at org.springframework.beans.factory.support.DefaultListableBeanFactory.preInstantiateSingletons(DefaultListableBeanFactory.java:762) ~[spring-beans-4.1.4.RELEASE.jar:4.1.4.RELEASE]
	at org.springframework.context.support.AbstractApplicationContext.finishBeanFactoryInitialization(AbstractApplicationContext.java:757) ~[spring-context-4.1.4.RELEASE.jar:4.1.4.RELEASE]
	at org.springframework.context.support.AbstractApplicationContext.refresh(AbstractApplicationContext.java:480) ~[spring-context-4.1.4.RELEASE.jar:4.1.4.RELEASE]
	at org.springframework.test.context.support.AbstractGenericContextLoader.loadContext(AbstractGenericContextLoader.java:125) ~[spring-test-4.1.4.RELEASE.jar:4.1.4.RELEASE]
	at org.springframework.test.context.support.AbstractGenericContextLoader.loadContext(AbstractGenericContextLoader.java:60) ~[spring-test-4.1.4.RELEASE.jar:4.1.4.RELEASE]
	at org.springframework.test.context.support.AbstractDelegatingSmartContextLoader.delegateLoading(AbstractDelegatingSmartContextLoader.java:109) ~[spring-test-4.1.4.RELEASE.jar:4.1.4.RELEASE]
	at org.springframework.test.context.support.AbstractDelegatingSmartContextLoader.loadContext(AbstractDelegatingSmartContextLoader.java:261) ~[spring-test-4.1.4.RELEASE.jar:4.1.4.RELEASE]
	at org.springframework.test.context.DefaultCacheAwareContextLoaderDelegate.loadContextInternal(DefaultCacheAwareContextLoaderDelegate.java:68) ~[spring-test-4.1.4.RELEASE.jar:4.1.4.RELEASE]
	at org.springframework.test.context.DefaultCacheAwareContextLoaderDelegate.loadContext(DefaultCacheAwareContextLoaderDelegate.java:86) ~[spring-test-4.1.4.RELEASE.jar:4.1.4.RELEASE]
	... 26 common frames omitted
Caused by: org.springframework.jdbc.datasource.init.ScriptStatementFailedException: Failed to execute SQL script statement at line 6 of resource class path resource [db/subjects.sql]: CREATE SEQUENCE MEAL_SEQ START 10000; nested exception is org.postgresql.util.PSQLException: ОШИБКА: отношение "meal_seq" уже существует
	at org.springframework.jdbc.datasource.init.ScriptUtils.executeSqlScript(ScriptUtils.java:475) ~[spring-jdbc-4.1.4.RELEASE.jar:4.1.4.RELEASE]
	at org.springframework.jdbc.datasource.init.ResourceDatabasePopulator.populate(ResourceDatabasePopulator.java:229) ~[spring-jdbc-4.1.4.RELEASE.jar:4.1.4.RELEASE]
	at org.springframework.jdbc.datasource.init.CompositeDatabasePopulator.populate(CompositeDatabasePopulator.java:60) ~[spring-jdbc-4.1.4.RELEASE.jar:4.1.4.RELEASE]
	at org.springframework.jdbc.datasource.init.DatabasePopulatorUtils.execute(DatabasePopulatorUtils.java:48) ~[spring-jdbc-4.1.4.RELEASE.jar:4.1.4.RELEASE]
	at org.springframework.jdbc.datasource.init.DataSourceInitializer.execute(DataSourceInitializer.java:108) ~[spring-jdbc-4.1.4.RELEASE.jar:4.1.4.RELEASE]
	at org.springframework.jdbc.datasource.init.DataSourceInitializer.afterPropertiesSet(DataSourceInitializer.java:93) ~[spring-jdbc-4.1.4.RELEASE.jar:4.1.4.RELEASE]
	at org.springframework.beans.factory.support.AbstractAutowireCapableBeanFactory.invokeInitMethods(AbstractAutowireCapableBeanFactory.java:1625) ~[spring-beans-4.1.4.RELEASE.jar:4.1.4.RELEASE]
	at org.springframework.beans.factory.support.AbstractAutowireCapableBeanFactory.initializeBean(AbstractAutowireCapableBeanFactory.java:1562) ~[spring-beans-4.1.4.RELEASE.jar:4.1.4.RELEASE]
	... 41 common frames omitted
Caused by: org.postgresql.util.PSQLException: ОШИБКА: отношение "meal_seq" уже существует
	at org.postgresql.core.v3.QueryExecutorImpl.receiveErrorResponse(QueryExecutorImpl.java:2676) ~[postgresql-42.5.1.jar:42.5.1]
	at org.postgresql.core.v3.QueryExecutorImpl.processResults(QueryExecutorImpl.java:2366) ~[postgresql-42.5.1.jar:42.5.1]
	at org.postgresql.core.v3.QueryExecutorImpl.execute(QueryExecutorImpl.java:356) ~[postgresql-42.5.1.jar:42.5.1]
	at org.postgresql.jdbc.PgStatement.executeInternal(PgStatement.java:496) ~[postgresql-42.5.1.jar:42.5.1]
	at org.postgresql.jdbc.PgStatement.execute(PgStatement.java:413) ~[postgresql-42.5.1.jar:42.5.1]
	at org.postgresql.jdbc.PgStatement.executeWithFlags(PgStatement.java:333) ~[postgresql-42.5.1.jar:42.5.1]
	at org.postgresql.jdbc.PgStatement.executeCachedSql(PgStatement.java:319) ~[postgresql-42.5.1.jar:42.5.1]
	at org.postgresql.jdbc.PgStatement.executeWithFlags(PgStatement.java:295) ~[postgresql-42.5.1.jar:42.5.1]
	at org.postgresql.jdbc.PgStatement.execute(PgStatement.java:290) ~[postgresql-42.5.1.jar:42.5.1]
	at org.springframework.jdbc.datasource.init.ScriptUtils.executeSqlScript(ScriptUtils.java:460) ~[spring-jdbc-4.1.4.RELEASE.jar:4.1.4.RELEASE]
	... 48 common frames omitted
2023-02-23 14:55:25,702 INFO  DefaultTestContextBootstrapper [AbstractTestContextBootstrapper.java:256] Loaded default TestExecutionListener class names from location [META-INF/spring.factories]: [org.springframework.test.context.web.ServletTestExecutionListener, org.springframework.test.context.support.DependencyInjectionTestExecutionListener, org.springframework.test.context.support.DirtiesContextTestExecutionListener, org.springframework.test.context.transaction.TransactionalTestExecutionListener, org.springframework.test.context.jdbc.SqlScriptsTestExecutionListener]
2023-02-23 14:55:25,723 INFO  DefaultTestContextBootstrapper [AbstractTestContextBootstrapper.java:204] Could not instantiate TestExecutionListener [org.springframework.test.context.web.ServletTestExecutionListener]. Specify custom listener classes or make the default listener classes (and their required dependencies) available. Offending class: [org/springframework/web/context/request/RequestAttributes]
2023-02-23 14:55:25,798 INFO  DefaultTestContextBootstrapper [AbstractTestContextBootstrapper.java:182] Using TestExecutionListeners: [org.springframework.test.context.support.DependencyInjectionTestExecutionListener@355ce81c, org.springframework.test.context.support.DirtiesContextTestExecutionListener@29647f75, org.springframework.test.context.transaction.TransactionalTestExecutionListener@3315d2d7, org.springframework.test.context.jdbc.SqlScriptsTestExecutionListener@d6e7bab]
2023-02-23 14:55:26,245 INFO  XmlBeanDefinitionReader [XmlBeanDefinitionReader.java:317] Loading XML bean definitions from class path resource [spring/spring-app.xml]
2023-02-23 14:55:28,456 INFO  XmlBeanDefinitionReader [XmlBeanDefinitionReader.java:317] Loading XML bean definitions from class path resource [spring/spring_db.xml]
2023-02-23 14:55:28,586 INFO  GenericApplicationContext [AbstractApplicationContext.java:510] Refreshing org.springframework.context.support.GenericApplicationContext@3c73951: startup date [Thu Feb 23 14:55:28 UZT 2023]; root of context hierarchy
2023-02-23 14:55:28,966 INFO  PropertyPlaceholderConfigurer [PropertiesLoaderSupport.java:172] Loading properties file from class path resource [db/postgres.properties]
2023-02-23 14:55:29,122 INFO  DriverManagerDataSource [DriverManagerDataSource.java:133] Loaded JDBC driver: org.postgresql.Driver
2023-02-23 14:55:29,317 INFO  MockUserRepository [MockUserRepository.java:17] POST CONSTRUCT
2023-02-23 14:55:29,417 DEBUG DataSourceUtils [DataSourceUtils.java:110] Fetching JDBC Connection from DataSource
2023-02-23 14:55:29,417 DEBUG DriverManagerDataSource [DriverManagerDataSource.java:142] Creating new JDBC DriverManager Connection to [jdbc:postgresql://localhost:5432/openpet3]
2023-02-23 14:55:29,932 INFO  ScriptUtils [ScriptUtils.java:432] Executing SQL script from class path resource [db/subjects.sql]
2023-02-23 14:55:29,987 DEBUG ScriptUtils [ScriptUtils.java:463] 0 returned as updateCount for SQL: DROP TABLE IF EXISTS meals
2023-02-23 14:55:29,992 DEBUG ScriptUtils [ScriptUtils.java:463] 0 returned as updateCount for SQL: DROP TABLE IF EXISTS users_roles
2023-02-23 14:55:29,992 DEBUG ScriptUtils [ScriptUtils.java:463] 0 returned as updateCount for SQL: DROP TABLE IF EXISTS users
2023-02-23 14:55:30,001 DEBUG ScriptUtils [ScriptUtils.java:463] 0 returned as updateCount for SQL: DROP SEQUENCE IF EXISTS GLOBAL_SEQ
2023-02-23 14:55:30,006 DEBUG ScriptUtils [ScriptUtils.java:463] 0 returned as updateCount for SQL: DROP SEQUENCE IF EXISTS MEAL_SEQ
2023-02-23 14:55:30,049 DEBUG ScriptUtils [ScriptUtils.java:463] 0 returned as updateCount for SQL: CREATE SEQUENCE GLOBAL_SEQ START 100000
2023-02-23 14:55:30,054 DEBUG ScriptUtils [ScriptUtils.java:463] 0 returned as updateCount for SQL: CREATE SEQUENCE MEAL_SEQ START 10000
2023-02-23 14:55:30,399 DEBUG ScriptUtils [ScriptUtils.java:463] 0 returned as updateCount for SQL: CREATE TABLE users( id integer PRIMARY KEY DEFAULT nextval('GLOBAL_SEQ'), name varchar(50), email varchar not null, password varchar not null, registered timestamp DEFAULT now(), enabled bool default true )
2023-02-23 14:55:30,464 DEBUG ScriptUtils [ScriptUtils.java:463] 0 returned as updateCount for SQL: CREATE UNIQUE INDEX unique_email ON users(email)
2023-02-23 14:55:30,708 DEBUG ScriptUtils [ScriptUtils.java:463] 0 returned as updateCount for SQL: CREATE TABLE users_roles( user_id integer not null, role varchar , CONSTRAINT user_roles_idx UNIQUE(user_id,role), FOREIGN KEY(user_id)REFERENCES users(id)ON DELETE CASCADE )
2023-02-23 14:55:30,768 DEBUG ScriptUtils [ScriptUtils.java:463] 0 returned as updateCount for SQL: CREATE TABLE meals( meal_id integer PRIMARY KEY DEFAULT nextval('MEAL_SEQ'), id integer REFERENCES users(id)ON DELETE CASCADE, local_date_time TIMESTAMP, description varchar(50)not null, calories int not null )
2023-02-23 14:55:30,773 INFO  ScriptUtils [ScriptUtils.java:491] Executed SQL script from class path resource [db/subjects.sql] in 841 ms.
2023-02-23 14:55:30,773 INFO  ScriptUtils [ScriptUtils.java:432] Executing SQL script from class path resource [db/scripts.sql]
2023-02-23 14:55:30,778 DEBUG ScriptUtils [ScriptUtils.java:463] 0 returned as updateCount for SQL: DELETE FROM users_roles
2023-02-23 14:55:30,783 DEBUG ScriptUtils [ScriptUtils.java:463] 0 returned as updateCount for SQL: DELETE FROM meals
2023-02-23 14:55:30,788 DEBUG ScriptUtils [ScriptUtils.java:463] 0 returned as updateCount for SQL: DELETE FROM users
2023-02-23 14:55:30,798 DEBUG ScriptUtils [ScriptUtils.java:463] 0 returned as updateCount for SQL: ALTER SEQUENCE GLOBAL_SEQ RESTART WITH 100000
2023-02-23 14:55:30,808 DEBUG ScriptUtils [ScriptUtils.java:463] 0 returned as updateCount for SQL: ALTER SEQUENCE MEAL_SEQ RESTART WITH 10000
2023-02-23 14:55:30,813 DEBUG ScriptUtils [ScriptUtils.java:463] 1 returned as updateCount for SQL: INSERT INTO users(name,password,email)VALUES ('Peter','kamaz009','petyakamaz@gmail.com')
2023-02-23 14:55:30,818 DEBUG ScriptUtils [ScriptUtils.java:463] 1 returned as updateCount for SQL: INSERT INTO users(name,password,email)VALUES ('Akakiy','zamok123','perez123@gmail.com')
2023-02-23 14:55:30,843 DEBUG ScriptUtils [ScriptUtils.java:463] 1 returned as updateCount for SQL: INSERT INTO users_roles(role,user_id)VALUES('ROLE_USER',100000)
2023-02-23 14:55:30,848 DEBUG ScriptUtils [ScriptUtils.java:463] 1 returned as updateCount for SQL: INSERT INTO users_roles(role,user_id)VALUES('ROLE_ADMIN',100001)
2023-02-23 14:55:30,868 DEBUG ScriptUtils [ScriptUtils.java:463] 1 returned as updateCount for SQL: INSERT INTO meals(id,local_date_time,description,calories)VALUES( 100000,null,'blablabla',1000 )
2023-02-23 14:55:30,873 DEBUG ScriptUtils [ScriptUtils.java:463] 1 returned as updateCount for SQL: INSERT INTO meals(id,local_date_time,description,calories)VALUES( 100001,null,'Suponius',2000 )
2023-02-23 14:55:30,873 INFO  ScriptUtils [ScriptUtils.java:491] Executed SQL script from class path resource [db/scripts.sql] in 100 ms.
2023-02-23 14:55:30,873 DEBUG DataSourceUtils [DataSourceUtils.java:327] Returning JDBC Connection to DataSource
2023-02-23 14:55:30,919 DEBUG DataSourceUtils [DataSourceUtils.java:110] Fetching JDBC Connection from DataSource
2023-02-23 14:55:30,929 DEBUG DriverManagerDataSource [DriverManagerDataSource.java:142] Creating new JDBC DriverManager Connection to [jdbc:postgresql://localhost:5432/openpet3]
2023-02-23 14:55:31,274 INFO  ScriptUtils [ScriptUtils.java:432] Executing SQL script from class path resource [db/scripts.sql]
2023-02-23 14:55:31,285 DEBUG ScriptUtils [ScriptUtils.java:463] 2 returned as updateCount for SQL: DELETE FROM users_roles
2023-02-23 14:55:31,290 DEBUG ScriptUtils [ScriptUtils.java:463] 2 returned as updateCount for SQL: DELETE FROM meals
2023-02-23 14:55:31,315 DEBUG ScriptUtils [ScriptUtils.java:463] 2 returned as updateCount for SQL: DELETE FROM users
2023-02-23 14:55:31,370 DEBUG ScriptUtils [ScriptUtils.java:463] 0 returned as updateCount for SQL: ALTER SEQUENCE GLOBAL_SEQ RESTART WITH 100000
2023-02-23 14:55:31,390 DEBUG ScriptUtils [ScriptUtils.java:463] 0 returned as updateCount for SQL: ALTER SEQUENCE MEAL_SEQ RESTART WITH 10000
2023-02-23 14:55:31,395 DEBUG ScriptUtils [ScriptUtils.java:463] 1 returned as updateCount for SQL: INSERT INTO users(name,password,email)VALUES ('Peter','kamaz009','petyakamaz@gmail.com')
2023-02-23 14:55:31,410 DEBUG ScriptUtils [ScriptUtils.java:463] 1 returned as updateCount for SQL: INSERT INTO users(name,password,email)VALUES ('Akakiy','zamok123','perez123@gmail.com')
2023-02-23 14:55:31,415 DEBUG ScriptUtils [ScriptUtils.java:463] 1 returned as updateCount for SQL: INSERT INTO users_roles(role,user_id)VALUES('ROLE_USER',100000)
2023-02-23 14:55:31,415 DEBUG ScriptUtils [ScriptUtils.java:463] 1 returned as updateCount for SQL: INSERT INTO users_roles(role,user_id)VALUES('ROLE_ADMIN',100001)
2023-02-23 14:55:31,420 DEBUG ScriptUtils [ScriptUtils.java:463] 1 returned as updateCount for SQL: INSERT INTO meals(id,local_date_time,description,calories)VALUES( 100000,null,'blablabla',1000 )
2023-02-23 14:55:31,435 DEBUG ScriptUtils [ScriptUtils.java:463] 1 returned as updateCount for SQL: INSERT INTO meals(id,local_date_time,description,calories)VALUES( 100001,null,'Suponius',2000 )
2023-02-23 14:55:31,435 INFO  ScriptUtils [ScriptUtils.java:491] Executed SQL script from class path resource [db/scripts.sql] in 156 ms.
2023-02-23 14:55:31,435 DEBUG DataSourceUtils [DataSourceUtils.java:327] Returning JDBC Connection to DataSource
2023-02-23 14:55:31,445 DEBUG JdbcTemplate [JdbcTemplate.java:908] Executing prepared SQL update
2023-02-23 14:55:31,450 DEBUG JdbcTemplate [JdbcTemplate.java:627] Executing prepared SQL statement [UPDATE meals SET local_date_time=?,description=?,calories=?,id=? WHERE meal_id=?]
2023-02-23 14:55:31,450 DEBUG DataSourceUtils [DataSourceUtils.java:110] Fetching JDBC Connection from DataSource
2023-02-23 14:55:31,450 DEBUG DriverManagerDataSource [DriverManagerDataSource.java:142] Creating new JDBC DriverManager Connection to [jdbc:postgresql://localhost:5432/openpet3]
2023-02-23 14:55:32,088 DEBUG JdbcTemplate [JdbcTemplate.java:918] SQL update affected 0 rows
2023-02-23 14:55:32,093 DEBUG DataSourceUtils [DataSourceUtils.java:327] Returning JDBC Connection to DataSource
2023-02-23 14:55:32,147 INFO  GenericApplicationContext [AbstractApplicationContext.java:862] Closing org.springframework.context.support.GenericApplicationContext@3c73951: startup date [Thu Feb 23 14:55:28 UZT 2023]; root of context hierarchy
2023-02-23 14:55:32,149 DEBUG DataSourceUtils [DataSourceUtils.java:110] Fetching JDBC Connection from DataSource
2023-02-23 14:55:32,149 DEBUG DriverManagerDataSource [DriverManagerDataSource.java:142] Creating new JDBC DriverManager Connection to [jdbc:postgresql://localhost:5432/openpet3]
2023-02-23 14:55:33,051 DEBUG DataSourceUtils [DataSourceUtils.java:327] Returning JDBC Connection to DataSource
2023-02-23 14:55:33,056 INFO  MockUserRepository [MockUserRepository.java:21] PRE DESTROY
